# JRE version: OpenJDK Runtime Environment (8.0_152-b06) (build 1.8.0_152-release-1136-b06)
# Java VM: OpenJDK 64-Bit Server VM (25.152-b06 mixed mode windows-amd64 compressed oops)
Heap:
 PSYoungGen      total 485888K, used 190467K [0x00000000e0000000, 0x00000000ffe00000, 0x0000000100000000)
  eden space 450048K, 40% used [0x00000000e0000000,0x00000000eb28a558,0x00000000fb780000)
  from space 35840K, 21% used [0x00000000fb780000,0x00000000fbef6a48,0x00000000fda80000)
  to   space 34816K, 0% used [0x00000000fdc00000,0x00000000fdc00000,0x00000000ffe00000)
 ParOldGen       total 150016K, used 69851K [0x00000000a0000000, 0x00000000a9280000, 0x00000000e0000000)
  object space 150016K, 46% used [0x00000000a0000000,0x00000000a4436f90,0x00000000a9280000)
 Metaspace       used 94392K, capacity 98594K, committed 99736K, reserved 1136640K
  class space    used 11801K, capacity 12691K, committed 12976K, reserved 1048576K
GC Heap History (10 events):
Event: 1014.595 GC heap before
{Heap before GC invocations=29 (full 3):
 PSYoungGen      total 394752K, used 358043K [0x00000000e0000000, 0x00000000fb000000, 0x0000000100000000)
  eden space 359936K, 91% used [0x00000000e0000000,0x00000000f424fbf8,0x00000000f5f80000)
  from space 34816K, 80% used [0x00000000f5f80000,0x00000000f7ad7250,0x00000000f8180000)
  to   space 37888K, 0% used [0x00000000f8b00000,0x00000000f8b00000,0x00000000fb000000)
 ParOldGen       total 101888K, used 57107K [0x00000000a0000000, 0x00000000a6380000, 0x00000000e0000000)
  object space 101888K, 56% used [0x00000000a0000000,0x00000000a37c4c68,0x00000000a6380000)
 Metaspace       used 93683K, capacity 98504K, committed 98600K, reserved 1134592K
  class space    used 11903K, capacity 12894K, committed 12976K, reserved 1048576K
Event: 1014.638 GC heap after
Heap after GC invocations=29 (full 3):
 PSYoungGen      total 406016K, used 12755K [0x00000000e0000000, 0x00000000ffc80000, 0x0000000100000000)
  eden space 368128K, 0% used [0x00000000e0000000,0x00000000e0000000,0x00000000f6780000)
  from space 37888K, 33% used [0x00000000f8b00000,0x00000000f9774e60,0x00000000fb000000)
  to   space 36352K, 0% used [0x00000000f6780000,0x00000000f6780000,0x00000000f8b00000)
 ParOldGen       total 101888K, used 75683K [0x00000000a0000000, 0x00000000a6380000, 0x00000000e0000000)
  object space 101888K, 74% used [0x00000000a0000000,0x00000000a49e8ec8,0x00000000a6380000)
 Metaspace       used 93683K, capacity 98504K, committed 98600K, reserved 1134592K
  class space    used 11903K, capacity 12894K, committed 12976K, reserved 1048576K
}
Event: 1014.638 GC heap before
{Heap before GC invocations=30 (full 4):
 PSYoungGen      total 406016K, used 12755K [0x00000000e0000000, 0x00000000ffc80000, 0x0000000100000000)
  eden space 368128K, 0% used [0x00000000e0000000,0x00000000e0000000,0x00000000f6780000)
  from space 37888K, 33% used [0x00000000f8b00000,0x00000000f9774e60,0x00000000fb000000)
  to   space 36352K, 0% used [0x00000000f6780000,0x00000000f6780000,0x00000000f8b00000)
 ParOldGen       total 101888K, used 75683K [0x00000000a0000000, 0x00000000a6380000, 0x00000000e0000000)
  object space 101888K, 74% used [0x00000000a0000000,0x00000000a49e8ec8,0x00000000a6380000)
 Metaspace       used 93683K, capacity 98504K, committed 98600K, reserved 1134592K
  class space    used 11903K, capacity 12894K, committed 12976K, reserved 1048576K
Event: 1015.023 GC heap after
Heap after GC invocations=30 (full 4):
 PSYoungGen      total 406016K, used 0K [0x00000000e0000000, 0x00000000ffc80000, 0x0000000100000000)
  eden space 368128K, 0% used [0x00000000e0000000,0x00000000e0000000,0x00000000f6780000)
  from space 37888K, 0% used [0x00000000f8b00000,0x00000000f8b00000,0x00000000fb000000)
  to   space 36352K, 0% used [0x00000000f6780000,0x00000000f6780000,0x00000000f8b00000)
 ParOldGen       total 150016K, used 68475K [0x00000000a0000000, 0x00000000a9280000, 0x00000000e0000000)
  object space 150016K, 45% used [0x00000000a0000000,0x00000000a42def10,0x00000000a9280000)
 Metaspace       used 93253K, capacity 97300K, committed 98600K, reserved 1134592K
  class space    used 11757K, capacity 12648K, committed 12976K, reserved 1048576K
}
Event: 1017.783 GC heap before
{Heap before GC invocations=31 (full 4):
 PSYoungGen      total 406016K, used 368128K [0x00000000e0000000, 0x00000000ffc80000, 0x0000000100000000)
  eden space 368128K, 100% used [0x00000000e0000000,0x00000000f6780000,0x00000000f6780000)
  from space 37888K, 0% used [0x00000000f8b00000,0x00000000f8b00000,0x00000000fb000000)
  to   space 36352K, 0% used [0x00000000f6780000,0x00000000f6780000,0x00000000f8b00000)
 ParOldGen       total 150016K, used 68475K [0x00000000a0000000, 0x00000000a9280000, 0x00000000e0000000)
  object space 150016K, 45% used [0x00000000a0000000,0x00000000a42def10,0x00000000a9280000)
 Metaspace       used 93986K, capacity 98144K, committed 99480K, reserved 1136640K
  class space    used 11790K, capacity 12684K, committed 12976K, reserved 1048576K
Event: 1017.802 GC heap after
Heap after GC invocations=31 (full 4):
 PSYoungGen      total 404480K, used 4912K [0x00000000e0000000, 0x00000000ffd80000, 0x0000000100000000)
  eden space 368128K, 0% used [0x00000000e0000000,0x00000000e0000000,0x00000000f6780000)
  from space 36352K, 13% used [0x00000000f6780000,0x00000000f6c4c370,0x00000000f8b00000)
  to   space 35840K, 0% used [0x00000000fda80000,0x00000000fda80000,0x00000000ffd80000)
 ParOldGen       total 150016K, used 68483K [0x00000000a0000000, 0x00000000a9280000, 0x00000000e0000000)
  object space 150016K, 45% used [0x00000000a0000000,0x00000000a42e0f10,0x00000000a9280000)
 Metaspace       used 93986K, capacity 98144K, committed 99480K, reserved 1136640K
  class space    used 11790K, capacity 12684K, committed 12976K, reserved 1048576K
}
Event: 1020.072 GC heap before
{Heap before GC invocations=32 (full 4):
 PSYoungGen      total 404480K, used 373040K [0x00000000e0000000, 0x00000000ffd80000, 0x0000000100000000)
  eden space 368128K, 100% used [0x00000000e0000000,0x00000000f6780000,0x00000000f6780000)
  from space 36352K, 13% used [0x00000000f6780000,0x00000000f6c4c370,0x00000000f8b00000)
  to   space 35840K, 0% used [0x00000000fda80000,0x00000000fda80000,0x00000000ffd80000)
 ParOldGen       total 150016K, used 68483K [0x00000000a0000000, 0x00000000a9280000, 0x00000000e0000000)
  object space 150016K, 45% used [0x00000000a0000000,0x00000000a42e0f10,0x00000000a9280000)
 Metaspace       used 94057K, capacity 98216K, committed 99480K, reserved 1136640K
  class space    used 11791K, capacity 12684K, committed 12976K, reserved 1048576K
Event: 1020.082 GC heap after
Heap after GC invocations=32 (full 4):
 PSYoungGen      total 485888K, used 2968K [0x00000000e0000000, 0x00000000fff80000, 0x0000000100000000)
  eden space 450048K, 0% used [0x00000000e0000000,0x00000000e0000000,0x00000000fb780000)
  from space 35840K, 8% used [0x00000000fda80000,0x00000000fdd663e8,0x00000000ffd80000)
  to   space 35840K, 0% used [0x00000000fb780000,0x00000000fb780000,0x00000000fda80000)
 ParOldGen       total 150016K, used 69568K [0x00000000a0000000, 0x00000000a9280000, 0x00000000e0000000)
  object space 150016K, 46% used [0x00000000a0000000,0x00000000a43f0008,0x00000000a9280000)
 Metaspace       used 94057K, capacity 98216K, committed 99480K, reserved 1136640K
  class space    used 11791K, capacity 12684K, committed 12976K, reserved 1048576K
}
Event: 1025.502 GC heap before
{Heap before GC invocations=33 (full 4):
 PSYoungGen      total 485888K, used 453016K [0x00000000e0000000, 0x00000000fff80000, 0x0000000100000000)
  eden space 450048K, 100% used [0x00000000e0000000,0x00000000fb780000,0x00000000fb780000)
  from space 35840K, 8% used [0x00000000fda80000,0x00000000fdd663e8,0x00000000ffd80000)
  to   space 35840K, 0% used [0x00000000fb780000,0x00000000fb780000,0x00000000fda80000)
 ParOldGen       total 150016K, used 69568K [0x00000000a0000000, 0x00000000a9280000, 0x00000000e0000000)
  object space 150016K, 46% used [0x00000000a0000000,0x00000000a43f0008,0x00000000a9280000)
 Metaspace       used 94199K, capacity 98384K, committed 99480K, reserved 1136640K
  class space    used 11796K, capacity 12690K, committed 12976K, reserved 1048576K
Event: 1025.514 GC heap after
Heap after GC invocations=33 (full 4):
 PSYoungGen      total 485888K, used 7642K [0x00000000e0000000, 0x00000000ffe00000, 0x0000000100000000)
  eden space 450048K, 0% used [0x00000000e0000000,0x00000000e0000000,0x00000000fb780000)
  from space 35840K, 21% used [0x00000000fb780000,0x00000000fbef6a48,0x00000000fda80000)
  to   space 34816K, 0% used [0x00000000fdc00000,0x00000000fdc00000,0x00000000ffe00000)
 ParOldGen       total 150016K, used 69851K [0x00000000a0000000, 0x00000000a9280000, 0x00000000e0000000)
  object space 150016K, 46% used [0x00000000a0000000,0x00000000a4436f90,0x00000000a9280000)
 Metaspace       used 94199K, capacity 98384K, committed 99480K, reserved 1136640K
  class space    used 11796K, capacity 12690K, committed 12976K, reserved 1048576K
}

